1711007936 ./src/ai/ai.controller.ts
1711006670 ./src/ai/ai.module.ts
1711008244 ./src/ai/ai.service.ts
1710994937 ./src/ai/entities/ai.entity.ts
1711102455 ./src/app.module.ts
1710991196 ./src/cats/cats.controller.ts
1710990591 ./src/cats/cats.module.ts
1710990591 ./src/cats/cats.service.ts
1710990591 ./src/cats/dto/create-cat.dto.ts
1710990591 ./src/cats/entities/cat.entity.ts
1711013432 ./src/cronjobs/cronjobs.module.ts
1711013432 ./src/cronjobs/cronjobs.service.spec.ts
1711336630 ./src/cronjobs/cronjobs.service.ts
1711014340 ./src/main.ts
1711094964 ./src/telegram/dto/SendMessageDto.ts
1711093875 ./src/telegram/telegram.controller.spec.ts
1711211353 ./src/telegram/telegram.controller.ts
1711093441 ./src/telegram/telegram.service.spec.ts
1711339024 ./src/telegram/telegram.service.ts
1710993258 ./src/telegrambots/bots.controller.ts
1710993360 ./src/telegrambots/bots.module.ts
1710994709 ./src/telegrambots/bots.service.ts
1710993131 ./src/telegrambots/dto/create-bot.dto.ts
1710994529 ./src/telegrambots/entities/bots.entity.ts
